<?xml version="1.0" encoding="UTF-8"?>
<!-- Generated by org.testng.reporters.JUnitReportReporter -->
<testsuite skipped="0" hostname="LAPTOP-19FBB472" name="TestClass" tests="2" failures="0" timestamp="2021-07-21T23:17:10 CAT" time="2.375" errors="0">
  <testcase name="testGet" time="2.270" classname="TestClass"/>
  <system-out/>
  <testcase name="testPost" time="0.105" classname="TestClass"/>
  <system-out/>
</testsuite> <!-- TestClass -->
